  GameManager.cpp
c:\git\battleshiptournament\battleshiptournament\battleshiptournament\boardclass.h(29): error C2661: 'Board::Board': no overloaded function takes 2 arguments
c:\git\battleshiptournament\battleshiptournament\battleshiptournament\gamemanager.cpp(112): error C2259: 'BoardData': cannot instantiate abstract class
  c:\git\battleshiptournament\battleshiptournament\battleshiptournament\gamemanager.cpp(112): note: due to following members:
  c:\git\battleshiptournament\battleshiptournament\battleshiptournament\gamemanager.cpp(112): note: 'char BoardData::charAt(Coordinate) const': is abstract
  c:\git\battleshiptournament\battleshiptournament\battleshiptournament\ibattleshipgamealgo.h(32): note: see declaration of 'BoardData::charAt'
c:\git\battleshiptournament\battleshiptournament\battleshiptournament\gamemanager.cpp(113): error C2660: 'IBattleshipGameAlgo::setBoard': function does not take 3 arguments
c:\git\battleshiptournament\battleshiptournament\battleshiptournament\gamemanager.cpp(114): error C2039: 'init': is not a member of 'IBattleshipGameAlgo'
  c:\git\battleshiptournament\battleshiptournament\battleshiptournament\ibattleshipgamealgo.h(44): note: see declaration of 'IBattleshipGameAlgo'
  BoardClass.cpp
c:\git\battleshiptournament\battleshiptournament\battleshiptournament\boardclass.h(29): error C2661: 'Board::Board': no overloaded function takes 2 arguments
  Generating Code...
  Compiling...
  BattleshipGame.cpp
c:\git\battleshiptournament\battleshiptournament\battleshiptournament\boardclass.h(29): error C2661: 'Board::Board': no overloaded function takes 2 arguments
  Generating Code...
  Compiling...
  Ship.cpp
c:\git\battleshiptournament\battleshiptournament\battleshiptournament\boardclass.h(29): error C2661: 'Board::Board': no overloaded function takes 2 arguments
  Generating Code...
  Compiling...
  Utils.cpp
c:\git\battleshiptournament\battleshiptournament\battleshiptournament\boardclass.h(29): error C2661: 'Board::Board': no overloaded function takes 2 arguments
  Generating Code...
